This file contains any messages produced by compilers while
running configure, to aid debugging if configure makes a mistake.

It was created by alsa-lib configure 1.2.2, which was
generated by GNU Autoconf 2.69.  Invocation command line was

  $ ./configure 

## --------- ##
## Platform. ##
## --------- ##

hostname = ecrux
uname -m = armv6l
uname -r = 4.14.98+
uname -s = Linux
uname -v = #1200 Tue Feb 12 20:11:02 GMT 2019

/usr/bin/uname -p = unknown
/bin/uname -X     = unknown

/bin/arch              = unknown
/usr/bin/arch -k       = unknown
/usr/convex/getsysinfo = unknown
/usr/bin/hostinfo      = unknown
/bin/machine           = unknown
/usr/bin/oslevel       = unknown
/bin/universe          = unknown

PATH: /usr/local/sbin
PATH: /usr/local/bin
PATH: /usr/sbin
PATH: /usr/bin
PATH: /sbin
PATH: /bin


## ----------- ##
## Core tests. ##
## ----------- ##

configure:2487: checking build system type
configure:2501: result: armv6l-unknown-linux-gnueabihf
configure:2521: checking host system type
configure:2534: result: armv6l-unknown-linux-gnueabihf
configure:2570: checking for a BSD-compatible install
configure:2638: result: /usr/bin/install -c
configure:2649: checking whether build environment is sane
configure:2704: result: yes
configure:2855: checking for a thread-safe mkdir -p
configure:2894: result: /bin/mkdir -p
configure:2901: checking for gawk
configure:2931: result: no
configure:2901: checking for mawk
configure:2917: found /usr/bin/mawk
configure:2928: result: mawk
configure:2939: checking whether make sets $(MAKE)
configure:2961: result: yes
configure:2990: checking whether make supports nested variables
configure:3007: result: yes
configure:3144: checking whether to enable maintainer-specific portions of Makefiles
configure:3153: result: yes
configure:3179: checking whether make supports nested variables
configure:3196: result: yes
configure:3259: checking for gcc
configure:3275: found /usr/bin/gcc
configure:3286: result: gcc
configure:3515: checking for C compiler version
configure:3524: gcc --version >&5
gcc (Raspbian 6.3.0-18+rpi1+deb9u1) 6.3.0 20170516
Copyright (C) 2016 Free Software Foundation, Inc.
This is free software; see the source for copying conditions.  There is NO
warranty; not even for MERCHANTABILITY or FITNESS FOR A PARTICULAR PURPOSE.

configure:3535: $? = 0
configure:3524: gcc -v >&5
Using built-in specs.
COLLECT_GCC=gcc
COLLECT_LTO_WRAPPER=/usr/lib/gcc/arm-linux-gnueabihf/6/lto-wrapper
Target: arm-linux-gnueabihf
Configured with: ../src/configure -v --with-pkgversion='Raspbian 6.3.0-18+rpi1+deb9u1' --with-bugurl=file:///usr/share/doc/gcc-6/README.Bugs --enable-languages=c,ada,c++,java,go,d,fortran,objc,obj-c++ --prefix=/usr --program-suffix=-6 --program-prefix=arm-linux-gnueabihf- --enable-shared --enable-linker-build-id --libexecdir=/usr/lib --without-included-gettext --enable-threads=posix --libdir=/usr/lib --enable-nls --with-sysroot=/ --enable-clocale=gnu --enable-libstdcxx-debug --enable-libstdcxx-time=yes --with-default-libstdcxx-abi=new --enable-gnu-unique-object --disable-libitm --disable-libquadmath --enable-plugin --with-system-zlib --disable-browser-plugin --enable-java-awt=gtk --enable-gtk-cairo --with-java-home=/usr/lib/jvm/java-1.5.0-gcj-6-armhf/jre --enable-java-home --with-jvm-root-dir=/usr/lib/jvm/java-1.5.0-gcj-6-armhf --with-jvm-jar-dir=/usr/lib/jvm-exports/java-1.5.0-gcj-6-armhf --with-arch-directory=arm --with-ecj-jar=/usr/share/java/eclipse-ecj.jar --with-target-system-zlib --enable-objc-gc=auto --enable-multiarch --disable-sjlj-exceptions --with-arch=armv6 --with-fpu=vfp --with-float=hard --enable-checking=release --build=arm-linux-gnueabihf --host=arm-linux-gnueabihf --target=arm-linux-gnueabihf
Thread model: posix
gcc version 6.3.0 20170516 (Raspbian 6.3.0-18+rpi1+deb9u1) 
configure:3535: $? = 0
configure:3524: gcc -V >&5
gcc: error: unrecognized command line option '-V'
gcc: fatal error: no input files
compilation terminated.
configure:3535: $? = 1
configure:3524: gcc -qversion >&5
gcc: error: unrecognized command line option '-qversion'; did you mean '--version'?
gcc: fatal error: no input files
compilation terminated.
configure:3535: $? = 1
configure:3555: checking whether the C compiler works
configure:3577: gcc    conftest.c  >&5
configure:3581: $? = 0
configure:3629: result: yes
configure:3632: checking for C compiler default output file name
configure:3634: result: a.out
configure:3640: checking for suffix of executables
configure:3647: gcc -o conftest    conftest.c  >&5
configure:3651: $? = 0
configure:3673: result: 
configure:3695: checking whether we are cross compiling
configure:3703: gcc -o conftest    conftest.c  >&5
configure:3707: $? = 0
configure:3714: ./conftest
configure:3718: $? = 0
configure:3733: result: no
configure:3738: checking for suffix of object files
configure:3760: gcc -c   conftest.c >&5
configure:3764: $? = 0
configure:3785: result: o
configure:3789: checking whether we are using the GNU C compiler
configure:3808: gcc -c   conftest.c >&5
configure:3808: $? = 0
configure:3817: result: yes
configure:3826: checking whether gcc accepts -g
configure:3846: gcc -c -g  conftest.c >&5
configure:3846: $? = 0
configure:3887: result: yes
configure:3904: checking for gcc option to accept ISO C89
configure:3967: gcc  -c -g -O2  conftest.c >&5
configure:3967: $? = 0
configure:3980: result: none needed
configure:4005: checking whether gcc understands -c and -o together
configure:4027: gcc -c conftest.c -o conftest2.o
configure:4030: $? = 0
configure:4027: gcc -c conftest.c -o conftest2.o
configure:4030: $? = 0
configure:4042: result: yes
configure:4062: checking whether make supports the include directive
configure:4077: make -f confmf.GNU && cat confinc.out
this is the am__doit target
configure:4080: $? = 0
configure:4099: result: yes (GNU style)
configure:4124: checking dependency style of gcc
configure:4235: result: gcc3
configure:4255: checking how to run the C preprocessor
configure:4286: gcc -E  conftest.c
configure:4286: $? = 0
configure:4300: gcc -E  conftest.c
conftest.c:11:28: fatal error: ac_nonexistent.h: No such file or directory
 #include <ac_nonexistent.h>
                            ^
compilation terminated.
configure:4300: $? = 1
configure: failed program was:
| /* confdefs.h */
| #define PACKAGE_NAME "alsa-lib"
| #define PACKAGE_TARNAME "alsa-lib"
| #define PACKAGE_VERSION "1.2.2"
| #define PACKAGE_STRING "alsa-lib 1.2.2"
| #define PACKAGE_BUGREPORT ""
| #define PACKAGE_URL ""
| #define PACKAGE "alsa-lib"
| #define VERSION "1.2.2"
| /* end confdefs.h.  */
| #include <ac_nonexistent.h>
configure:4325: result: gcc -E
configure:4345: gcc -E  conftest.c
configure:4345: $? = 0
configure:4359: gcc -E  conftest.c
conftest.c:11:28: fatal error: ac_nonexistent.h: No such file or directory
 #include <ac_nonexistent.h>
                            ^
compilation terminated.
configure:4359: $? = 1
configure: failed program was:
| /* confdefs.h */
| #define PACKAGE_NAME "alsa-lib"
| #define PACKAGE_TARNAME "alsa-lib"
| #define PACKAGE_VERSION "1.2.2"
| #define PACKAGE_STRING "alsa-lib 1.2.2"
| #define PACKAGE_BUGREPORT ""
| #define PACKAGE_URL ""
| #define PACKAGE "alsa-lib"
| #define VERSION "1.2.2"
| /* end confdefs.h.  */
| #include <ac_nonexistent.h>
configure:4389: checking for grep that handles long lines and -e
configure:4447: result: /bin/grep
configure:4452: checking for egrep
configure:4514: result: /bin/grep -E
configure:4519: checking for ANSI C header files
configure:4539: gcc -c -g -O2  conftest.c >&5
configure:4539: $? = 0
configure:4612: gcc -o conftest -g -O2   conftest.c  >&5
configure:4612: $? = 0
configure:4612: ./conftest
configure:4612: $? = 0
configure:4623: result: yes
configure:4636: checking for sys/types.h
configure:4636: gcc -c -g -O2  conftest.c >&5
configure:4636: $? = 0
configure:4636: result: yes
configure:4636: checking for sys/stat.h
configure:4636: gcc -c -g -O2  conftest.c >&5
configure:4636: $? = 0
configure:4636: result: yes
configure:4636: checking for stdlib.h
configure:4636: gcc -c -g -O2  conftest.c >&5
configure:4636: $? = 0
configure:4636: result: yes
configure:4636: checking for string.h
configure:4636: gcc -c -g -O2  conftest.c >&5
configure:4636: $? = 0
configure:4636: result: yes
configure:4636: checking for memory.h
configure:4636: gcc -c -g -O2  conftest.c >&5
configure:4636: $? = 0
configure:4636: result: yes
configure:4636: checking for strings.h
configure:4636: gcc -c -g -O2  conftest.c >&5
configure:4636: $? = 0
configure:4636: result: yes
configure:4636: checking for inttypes.h
configure:4636: gcc -c -g -O2  conftest.c >&5
configure:4636: $? = 0
configure:4636: result: yes
configure:4636: checking for stdint.h
configure:4636: gcc -c -g -O2  conftest.c >&5
configure:4636: $? = 0
configure:4636: result: yes
configure:4636: checking for unistd.h
configure:4636: gcc -c -g -O2  conftest.c >&5
configure:4636: $? = 0
configure:4636: result: yes
configure:4649: checking minix/config.h usability
configure:4649: gcc -c -g -O2  conftest.c >&5
conftest.c:54:26: fatal error: minix/config.h: No such file or directory
 #include <minix/config.h>
                          ^
compilation terminated.
configure:4649: $? = 1
configure: failed program was:
| /* confdefs.h */
| #define PACKAGE_NAME "alsa-lib"
| #define PACKAGE_TARNAME "alsa-lib"
| #define PACKAGE_VERSION "1.2.2"
| #define PACKAGE_STRING "alsa-lib 1.2.2"
| #define PACKAGE_BUGREPORT ""
| #define PACKAGE_URL ""
| #define PACKAGE "alsa-lib"
| #define VERSION "1.2.2"
| #define STDC_HEADERS 1
| #define HAVE_SYS_TYPES_H 1
| #define HAVE_SYS_STAT_H 1
| #define HAVE_STDLIB_H 1
| #define HAVE_STRING_H 1
| #define HAVE_MEMORY_H 1
| #define HAVE_STRINGS_H 1
| #define HAVE_INTTYPES_H 1
| #define HAVE_STDINT_H 1
| #define HAVE_UNISTD_H 1
| /* end confdefs.h.  */
| #include <stdio.h>
| #ifdef HAVE_SYS_TYPES_H
| # include <sys/types.h>
| #endif
| #ifdef HAVE_SYS_STAT_H
| # include <sys/stat.h>
| #endif
| #ifdef STDC_HEADERS
| # include <stdlib.h>
| # include <stddef.h>
| #else
| # ifdef HAVE_STDLIB_H
| #  include <stdlib.h>
| # endif
| #endif
| #ifdef HAVE_STRING_H
| # if !defined STDC_HEADERS && defined HAVE_MEMORY_H
| #  include <memory.h>
| # endif
| # include <string.h>
| #endif
| #ifdef HAVE_STRINGS_H
| # include <strings.h>
| #endif
| #ifdef HAVE_INTTYPES_H
| # include <inttypes.h>
| #endif
| #ifdef HAVE_STDINT_H
| # include <stdint.h>
| #endif
| #ifdef HAVE_UNISTD_H
| # include <unistd.h>
| #endif
| #include <minix/config.h>
configure:4649: result: no
configure:4649: checking minix/config.h presence
configure:4649: gcc -E  conftest.c
conftest.c:21:26: fatal error: minix/config.h: No such file or directory
 #include <minix/config.h>
                          ^
compilation terminated.
configure:4649: $? = 1
configure: failed program was:
| /* confdefs.h */
| #define PACKAGE_NAME "alsa-lib"
| #define PACKAGE_TARNAME "alsa-lib"
| #define PACKAGE_VERSION "1.2.2"
| #define PACKAGE_STRING "alsa-lib 1.2.2"
| #define PACKAGE_BUGREPORT ""
| #define PACKAGE_URL ""
| #define PACKAGE "alsa-lib"
| #define VERSION "1.2.2"
| #define STDC_HEADERS 1
| #define HAVE_SYS_TYPES_H 1
| #define HAVE_SYS_STAT_H 1
| #define HAVE_STDLIB_H 1
| #define HAVE_STRING_H 1
| #define HAVE_MEMORY_H 1
| #define HAVE_STRINGS_H 1
| #define HAVE_INTTYPES_H 1
| #define HAVE_STDINT_H 1
| #define HAVE_UNISTD_H 1
| /* end confdefs.h.  */
| #include <minix/config.h>
configure:4649: result: no
configure:4649: checking for minix/config.h
configure:4649: result: no
configure:4670: checking whether it is safe to define __EXTENSIONS__
configure:4688: gcc -c -g -O2  conftest.c >&5
configure:4688: $? = 0
configure:4695: result: yes
configure:4710: checking whether ln -s works
configure:4714: result: yes
configure:4802: checking how to print strings
configure:4829: result: printf
configure:4850: checking for a sed that does not truncate output
configure:4914: result: /bin/sed
configure:4932: checking for fgrep
configure:4994: result: /bin/grep -F
configure:5029: checking for ld used by gcc
configure:5096: result: /usr/bin/ld
configure:5103: checking if the linker (/usr/bin/ld) is GNU ld
configure:5118: result: yes
configure:5130: checking for BSD- or MS-compatible name lister (nm)
configure:5184: result: /usr/bin/nm -B
configure:5314: checking the name lister (/usr/bin/nm -B) interface
configure:5321: gcc -c -g -O2  conftest.c >&5
configure:5324: /usr/bin/nm -B "conftest.o"
configure:5327: output
00000000 B some_variable
configure:5334: result: BSD nm
configure:5338: checking the maximum length of command line arguments
configure:5469: result: 1572864
configure:5517: checking how to convert armv6l-unknown-linux-gnueabihf file names to armv6l-unknown-linux-gnueabihf format
configure:5557: result: func_convert_file_noop
configure:5564: checking how to convert armv6l-unknown-linux-gnueabihf file names to toolchain format
configure:5584: result: func_convert_file_noop
configure:5591: checking for /usr/bin/ld option to reload object files
configure:5598: result: -r
configure:5672: checking for objdump
configure:5688: found /usr/bin/objdump
configure:5699: result: objdump
configure:5731: checking how to recognize dependent libraries
configure:5931: result: pass_all
configure:6016: checking for dlltool
configure:6046: result: no
configure:6076: checking how to associate runtime and link libraries
configure:6103: result: printf %s\n
configure:6163: checking for ar
configure:6179: found /usr/bin/ar
configure:6190: result: ar
configure:6227: checking for archiver @FILE support
configure:6244: gcc -c -g -O2  conftest.c >&5
configure:6244: $? = 0
configure:6247: ar cru libconftest.a @conftest.lst >&5
ar: `u' modifier ignored since `D' is the default (see `U')
configure:6250: $? = 0
configure:6255: ar cru libconftest.a @conftest.lst >&5
ar: `u' modifier ignored since `D' is the default (see `U')
ar: conftest.o: No such file or directory
configure:6258: $? = 1
configure:6270: result: @
configure:6328: checking for strip
configure:6344: found /usr/bin/strip
configure:6355: result: strip
configure:6427: checking for ranlib
configure:6443: found /usr/bin/ranlib
configure:6454: result: ranlib
configure:6556: checking command to parse /usr/bin/nm -B output from gcc object
configure:6709: gcc -c -g -O2  conftest.c >&5
configure:6712: $? = 0
configure:6716: /usr/bin/nm -B conftest.o \| sed -n -e 's/^.*[ ]\([ABCDGIRSTW][ABCDGIRSTW]*\)[ ][ ]*\([_A-Za-z][_A-Za-z0-9]*\)$/\1 \2 \2/p' | sed '/ __gnu_lto/d' \> conftest.nm
configure:6719: $? = 0
configure:6785: gcc -o conftest -g -O2   conftest.c conftstm.o >&5
configure:6788: $? = 0
configure:6826: result: ok
configure:6873: checking for sysroot
configure:6903: result: no
configure:6910: checking for a working dd
configure:6948: result: /bin/dd
configure:6952: checking how to truncate binary pipes
configure:6967: result: /bin/dd bs=4096 count=1
configure:7296: checking for mt
configure:7312: found /bin/mt
configure:7323: result: mt
configure:7346: checking if mt is a manifest tool
configure:7352: mt '-?'
configure:7360: result: no
configure:8034: checking for dlfcn.h
configure:8034: gcc -c -g -O2  conftest.c >&5
configure:8034: $? = 0
configure:8034: result: yes
configure:8258: checking for objdir
configure:8273: result: .libs
configure:8537: checking if gcc supports -fno-rtti -fno-exceptions
configure:8555: gcc -c -g -O2  -fno-rtti -fno-exceptions conftest.c >&5
cc1: warning: command line option '-fno-rtti' is valid for C++/ObjC++ but not for C
configure:8559: $? = 0
configure:8572: result: no
configure:8930: checking for gcc option to produce PIC
configure:8937: result: -fPIC -DPIC
configure:8945: checking if gcc PIC flag -fPIC -DPIC works
configure:8963: gcc -c -g -O2  -fPIC -DPIC -DPIC conftest.c >&5
configure:8967: $? = 0
configure:8980: result: yes
configure:9009: checking if gcc static flag -static works
configure:9037: result: yes
configure:9052: checking if gcc supports -c -o file.o
configure:9073: gcc -c -g -O2  -o out/conftest2.o conftest.c >&5
configure:9077: $? = 0
configure:9099: result: yes
configure:9107: checking if gcc supports -c -o file.o
configure:9154: result: yes
configure:9187: checking whether the gcc linker (/usr/bin/ld) supports shared libraries
configure:10446: result: yes
configure:10483: checking whether -lc should be explicitly linked in
configure:10491: gcc -c -g -O2  conftest.c >&5
configure:10494: $? = 0
configure:10509: gcc -shared  -fPIC -DPIC conftest.o  -v -Wl,-soname -Wl,conftest -o conftest 2\>\&1 \| /bin/grep  -lc  \>/dev/null 2\>\&1
configure:10512: $? = 0
configure:10526: result: no
configure:10686: checking dynamic linker characteristics
configure:11267: gcc -o conftest -g -O2   -Wl,-rpath -Wl,/foo conftest.c  >&5
configure:11267: $? = 0
configure:11507: result: GNU/Linux ld.so
configure:11629: checking how to hardcode library paths into programs
configure:11654: result: immediate
configure:11756: checking for shl_load
configure:11756: gcc -o conftest -g -O2   conftest.c  >&5
/tmp/ccwuTO04.o: In function `main':
/home/pi/OrangeThunder/bash/alsa-lib-1.2.2/conftest.c:62: undefined reference to `shl_load'
collect2: error: ld returned 1 exit status
configure:11756: $? = 1
configure: failed program was:
| /* confdefs.h */
| #define PACKAGE_NAME "alsa-lib"
| #define PACKAGE_TARNAME "alsa-lib"
| #define PACKAGE_VERSION "1.2.2"
| #define PACKAGE_STRING "alsa-lib 1.2.2"
| #define PACKAGE_BUGREPORT ""
| #define PACKAGE_URL ""
| #define PACKAGE "alsa-lib"
| #define VERSION "1.2.2"
| #define STDC_HEADERS 1
| #define HAVE_SYS_TYPES_H 1
| #define HAVE_SYS_STAT_H 1
| #define HAVE_STDLIB_H 1
| #define HAVE_STRING_H 1
| #define HAVE_MEMORY_H 1
| #define HAVE_STRINGS_H 1
| #define HAVE_INTTYPES_H 1
| #define HAVE_STDINT_H 1
| #define HAVE_UNISTD_H 1
| #define __EXTENSIONS__ 1
| #define _ALL_SOURCE 1
| #define _GNU_SOURCE 1
| #define _POSIX_PTHREAD_SEMANTICS 1
| #define _TANDEM_SOURCE 1
| #define HAVE_DLFCN_H 1
| #define LT_OBJDIR ".libs/"
| /* end confdefs.h.  */
| /* Define shl_load to an innocuous variant, in case <limits.h> declares shl_load.
|    For example, HP-UX 11i <limits.h> declares gettimeofday.  */
| #define shl_load innocuous_shl_load
| 
| /* System header to define __stub macros and hopefully few prototypes,
|     which can conflict with char shl_load (); below.
|     Prefer <limits.h> to <assert.h> if __STDC__ is defined, since
|     <limits.h> exists even on freestanding compilers.  */
| 
| #ifdef __STDC__
| # include <limits.h>
| #else
| # include <assert.h>
| #endif
| 
| #undef shl_load
| 
| /* Override any GCC internal prototype to avoid an error.
|    Use char because int might match the return type of a GCC
|    builtin and then its argument prototype would still apply.  */
| #ifdef __cplusplus
| extern "C"
| #endif
| char shl_load ();
| /* The GNU C library defines this for functions which it implements
|     to always fail with ENOSYS.  Some functions are actually named
|     something starting with __ and the normal name is an alias.  */
| #if defined __stub_shl_load || defined __stub___shl_load
| choke me
| #endif
| 
| int
| main ()
| {
| return shl_load ();
|   ;
|   return 0;
| }
configure:11756: result: no
configure:11760: checking for shl_load in -ldld
configure:11785: gcc -o conftest -g -O2   conftest.c -ldld   >&5
/usr/bin/ld: cannot find -ldld
collect2: error: ld returned 1 exit status
configure:11785: $? = 1
configure: failed program was:
| /* confdefs.h */
| #define PACKAGE_NAME "alsa-lib"
| #define PACKAGE_TARNAME "alsa-lib"
| #define PACKAGE_VERSION "1.2.2"
| #define PACKAGE_STRING "alsa-lib 1.2.2"
| #define PACKAGE_BUGREPORT ""
| #define PACKAGE_URL ""
| #define PACKAGE "alsa-lib"
| #define VERSION "1.2.2"
| #define STDC_HEADERS 1
| #define HAVE_SYS_TYPES_H 1
| #define HAVE_SYS_STAT_H 1
| #define HAVE_STDLIB_H 1
| #define HAVE_STRING_H 1
| #define HAVE_MEMORY_H 1
| #define HAVE_STRINGS_H 1
| #define HAVE_INTTYPES_H 1
| #define HAVE_STDINT_H 1
| #define HAVE_UNISTD_H 1
| #define __EXTENSIONS__ 1
| #define _ALL_SOURCE 1
| #define _GNU_SOURCE 1
| #define _POSIX_PTHREAD_SEMANTICS 1
| #define _TANDEM_SOURCE 1
| #define HAVE_DLFCN_H 1
| #define LT_OBJDIR ".libs/"
| /* end confdefs.h.  */
| 
| /* Override any GCC internal prototype to avoid an error.
|    Use char because int might match the return type of a GCC
|    builtin and then its argument prototype would still apply.  */
| #ifdef __cplusplus
| extern "C"
| #endif
| char shl_load ();
| int
| main ()
| {
| return shl_load ();
|   ;
|   return 0;
| }
configure:11794: result: no
configure:11799: checking for dlopen
configure:11799: gcc -o conftest -g -O2   conftest.c  >&5
/tmp/ccpkRaDW.o: In function `main':
/home/pi/OrangeThunder/bash/alsa-lib-1.2.2/conftest.c:62: undefined reference to `dlopen'
collect2: error: ld returned 1 exit status
configure:11799: $? = 1
configure: failed program was:
| /* confdefs.h */
| #define PACKAGE_NAME "alsa-lib"
| #define PACKAGE_TARNAME "alsa-lib"
| #define PACKAGE_VERSION "1.2.2"
| #define PACKAGE_STRING "alsa-lib 1.2.2"
| #define PACKAGE_BUGREPORT ""
| #define PACKAGE_URL ""
| #define PACKAGE "alsa-lib"
| #define VERSION "1.2.2"
| #define STDC_HEADERS 1
| #define HAVE_SYS_TYPES_H 1
| #define HAVE_SYS_STAT_H 1
| #define HAVE_STDLIB_H 1
| #define HAVE_STRING_H 1
| #define HAVE_MEMORY_H 1
| #define HAVE_STRINGS_H 1
| #define HAVE_INTTYPES_H 1
| #define HAVE_STDINT_H 1
| #define HAVE_UNISTD_H 1
| #define __EXTENSIONS__ 1
| #define _ALL_SOURCE 1
| #define _GNU_SOURCE 1
| #define _POSIX_PTHREAD_SEMANTICS 1
| #define _TANDEM_SOURCE 1
| #define HAVE_DLFCN_H 1
| #define LT_OBJDIR ".libs/"
| /* end confdefs.h.  */
| /* Define dlopen to an innocuous variant, in case <limits.h> declares dlopen.
|    For example, HP-UX 11i <limits.h> declares gettimeofday.  */
| #define dlopen innocuous_dlopen
| 
| /* System header to define __stub macros and hopefully few prototypes,
|     which can conflict with char dlopen (); below.
|     Prefer <limits.h> to <assert.h> if __STDC__ is defined, since
|     <limits.h> exists even on freestanding compilers.  */
| 
| #ifdef __STDC__
| # include <limits.h>
| #else
| # include <assert.h>
| #endif
| 
| #undef dlopen
| 
| /* Override any GCC internal prototype to avoid an error.
|    Use char because int might match the return type of a GCC
|    builtin and then its argument prototype would still apply.  */
| #ifdef __cplusplus
| extern "C"
| #endif
| char dlopen ();
| /* The GNU C library defines this for functions which it implements
|     to always fail with ENOSYS.  Some functions are actually named
|     something starting with __ and the normal name is an alias.  */
| #if defined __stub_dlopen || defined __stub___dlopen
| choke me
| #endif
| 
| int
| main ()
| {
| return dlopen ();
|   ;
|   return 0;
| }
configure:11799: result: no
configure:11803: checking for dlopen in -ldl
configure:11828: gcc -o conftest -g -O2   conftest.c -ldl   >&5
configure:11828: $? = 0
configure:11837: result: yes
configure:11956: checking whether a program can dlopen itself
configure:12036: gcc -o conftest -g -O2  -DHAVE_DLFCN_H  -Wl,--export-dynamic conftest.c -ldl  >&5
configure:12039: $? = 0
configure:12057: result: yes
configure:12062: checking whether a statically linked program can dlopen itself
configure:12142: gcc -o conftest -g -O2  -DHAVE_DLFCN_H  -Wl,--export-dynamic -static conftest.c -ldl  >&5
/tmp/cc8YLqQz.o: In function `main':
/home/pi/OrangeThunder/bash/alsa-lib-1.2.2/configure:12121: warning: Using 'dlopen' in statically linked applications requires at runtime the shared libraries from the glibc version used for linking
configure:12145: $? = 0
configure:12163: result: no
configure:12202: checking whether stripping libraries is possible
configure:12207: result: yes
configure:12242: checking if libtool supports shared libraries
configure:12244: result: yes
configure:12247: checking whether to build shared libraries
configure:12272: result: yes
configure:12275: checking whether to build static libraries
configure:12279: result: no
configure:12329: checking if gcc supports -Wl,--no-undefined flag
configure:12340: gcc -o conftest -g -O2   -Wl,--no-undefined conftest.c  >&5
configure:12340: $? = 0
configure:12351: result: yes
configure:12329: checking if gcc supports -Wl,-z,defs flag
configure:12340: gcc -o conftest -g -O2   -Wl,-z,defs conftest.c  >&5
configure:12340: $? = 0
configure:12351: result: yes
configure:12366: checking for ANSI C header files
configure:12470: result: yes
configure:12481: checking for an ANSI C-conforming const
configure:12547: gcc -c -g -O2  conftest.c >&5
configure:12547: $? = 0
configure:12554: result: yes
configure:12562: checking for inline
configure:12578: gcc -c -g -O2  conftest.c >&5
configure:12578: $? = 0
configure:12586: result: inline
configure:12604: checking whether time.h and sys/time.h may both be included
configure:12624: gcc -c -g -O2  conftest.c >&5
configure:12624: $? = 0
configure:12631: result: yes
configure:12641: checking whether gcc needs -traditional
configure:12675: result: no
configure:12684: checking for uselocale
configure:12684: gcc -o conftest -g -O2   conftest.c  >&5
configure:12684: $? = 0
configure:12684: result: yes
configure:12695: checking for library version
configure:12720: result: major 1 minor 2 subminor 2 extrastr  extraver 1000000
configure:12811: checking for versioned symbols
configure:12838: result: yes
configure:12857: checking for symbolic-functions
configure:12876: result: no
configure:12888: checking for custom symbol prefixes
configure:12901: result: 
configure:12904: checking for debug
configure:12915: result: yes
configure:12926: checking for debug assert
configure:12942: result: no
configure:12947: checking for tmpdir
configure:12957: result: /tmp
configure:12965: checking for softfloat
configure:12983: result: no
configure:12992: checking for libdl
configure:13004: checking for dlsym in -ldl
configure:13029: gcc -o conftest -g -O2   conftest.c -ldl   >&5
configure:13029: $? = 0
configure:13038: result: yes
configure:13063: checking for pthread
configure:13074: checking for pthread_join in -lpthread
configure:13099: gcc -o conftest -g -O2   conftest.c -lpthread   >&5
configure:13099: $? = 0
configure:13108: result: yes
configure:13126: checking whether PTHREAD_MUTEX_RECURSIVE is declared
configure:13126: gcc -c -g -O2  conftest.c >&5
configure:13126: $? = 0
configure:13126: result: yes
configure:13136: checking for __thread
configure:13151: gcc -o conftest -g -O2   conftest.c  >&5
configure:13151: $? = 0
configure:13155: result: yes
configure:13164: checking for librt
configure:13175: checking for clock_gettime in -lrt
configure:13200: gcc -o conftest -g -O2   conftest.c -lrt   >&5
configure:13200: $? = 0
configure:13209: result: yes
configure:13231: checking for use of wordexp
configure:13257: result: no
configure:13264: checking endian.h usability
configure:13264: gcc -c -g -O2  conftest.c >&5
configure:13264: $? = 0
configure:13264: result: yes
configure:13264: checking endian.h presence
configure:13264: gcc -E  conftest.c
configure:13264: $? = 0
configure:13264: result: yes
configure:13264: checking for endian.h
configure:13264: result: yes
configure:13264: checking sys/endian.h usability
configure:13264: gcc -c -g -O2  conftest.c >&5
conftest.c:78:24: fatal error: sys/endian.h: No such file or directory
 #include <sys/endian.h>
                        ^
compilation terminated.
configure:13264: $? = 1
configure: failed program was:
| /* confdefs.h */
| #define PACKAGE_NAME "alsa-lib"
| #define PACKAGE_TARNAME "alsa-lib"
| #define PACKAGE_VERSION "1.2.2"
| #define PACKAGE_STRING "alsa-lib 1.2.2"
| #define PACKAGE_BUGREPORT ""
| #define PACKAGE_URL ""
| #define PACKAGE "alsa-lib"
| #define VERSION "1.2.2"
| #define STDC_HEADERS 1
| #define HAVE_SYS_TYPES_H 1
| #define HAVE_SYS_STAT_H 1
| #define HAVE_STDLIB_H 1
| #define HAVE_STRING_H 1
| #define HAVE_MEMORY_H 1
| #define HAVE_STRINGS_H 1
| #define HAVE_INTTYPES_H 1
| #define HAVE_STDINT_H 1
| #define HAVE_UNISTD_H 1
| #define __EXTENSIONS__ 1
| #define _ALL_SOURCE 1
| #define _GNU_SOURCE 1
| #define _POSIX_PTHREAD_SEMANTICS 1
| #define _TANDEM_SOURCE 1
| #define HAVE_DLFCN_H 1
| #define LT_OBJDIR ".libs/"
| #define STDC_HEADERS 1
| #define TIME_WITH_SYS_TIME 1
| #define HAVE_USELOCALE 1
| #define VERSION "1.2.2"
| #define ALSA_CONFIG_DIR "/usr/share/alsa"
| #define ALSA_PLUGIN_DIR "/usr/lib/alsa-lib"
| #define ALSA_PKGCONF_DIR "/usr/lib/pkgconfig"
| #define VERSIONED_SYMBOLS /**/
| #define __SYMBOL_PREFIX ""
| #define TMPDIR "/tmp"
| #define HAVE_LIBDL 1
| #define HAVE_LIBPTHREAD 1
| #define HAVE_PTHREAD_MUTEX_RECURSIVE /**/
| #define HAVE___THREAD 1
| #define HAVE_LIBRT 1
| #define HAVE_CLOCK_GETTIME 1
| #define HAVE_ENDIAN_H 1
| /* end confdefs.h.  */
| #include <stdio.h>
| #ifdef HAVE_SYS_TYPES_H
| # include <sys/types.h>
| #endif
| #ifdef HAVE_SYS_STAT_H
| # include <sys/stat.h>
| #endif
| #ifdef STDC_HEADERS
| # include <stdlib.h>
| # include <stddef.h>
| #else
| # ifdef HAVE_STDLIB_H
| #  include <stdlib.h>
| # endif
| #endif
| #ifdef HAVE_STRING_H
| # if !defined STDC_HEADERS && defined HAVE_MEMORY_H
| #  include <memory.h>
| # endif
| # include <string.h>
| #endif
| #ifdef HAVE_STRINGS_H
| # include <strings.h>
| #endif
| #ifdef HAVE_INTTYPES_H
| # include <inttypes.h>
| #endif
| #ifdef HAVE_STDINT_H
| # include <stdint.h>
| #endif
| #ifdef HAVE_UNISTD_H
| # include <unistd.h>
| #endif
| #include <sys/endian.h>
configure:13264: result: no
configure:13264: checking sys/endian.h presence
configure:13264: gcc -E  conftest.c
conftest.c:45:24: fatal error: sys/endian.h: No such file or directory
 #include <sys/endian.h>
                        ^
compilation terminated.
configure:13264: $? = 1
configure: failed program was:
| /* confdefs.h */
| #define PACKAGE_NAME "alsa-lib"
| #define PACKAGE_TARNAME "alsa-lib"
| #define PACKAGE_VERSION "1.2.2"
| #define PACKAGE_STRING "alsa-lib 1.2.2"
| #define PACKAGE_BUGREPORT ""
| #define PACKAGE_URL ""
| #define PACKAGE "alsa-lib"
| #define VERSION "1.2.2"
| #define STDC_HEADERS 1
| #define HAVE_SYS_TYPES_H 1
| #define HAVE_SYS_STAT_H 1
| #define HAVE_STDLIB_H 1
| #define HAVE_STRING_H 1
| #define HAVE_MEMORY_H 1
| #define HAVE_STRINGS_H 1
| #define HAVE_INTTYPES_H 1
| #define HAVE_STDINT_H 1
| #define HAVE_UNISTD_H 1
| #define __EXTENSIONS__ 1
| #define _ALL_SOURCE 1
| #define _GNU_SOURCE 1
| #define _POSIX_PTHREAD_SEMANTICS 1
| #define _TANDEM_SOURCE 1
| #define HAVE_DLFCN_H 1
| #define LT_OBJDIR ".libs/"
| #define STDC_HEADERS 1
| #define TIME_WITH_SYS_TIME 1
| #define HAVE_USELOCALE 1
| #define VERSION "1.2.2"
| #define ALSA_CONFIG_DIR "/usr/share/alsa"
| #define ALSA_PLUGIN_DIR "/usr/lib/alsa-lib"
| #define ALSA_PKGCONF_DIR "/usr/lib/pkgconfig"
| #define VERSIONED_SYMBOLS /**/
| #define __SYMBOL_PREFIX ""
| #define TMPDIR "/tmp"
| #define HAVE_LIBDL 1
| #define HAVE_LIBPTHREAD 1
| #define HAVE_PTHREAD_MUTEX_RECURSIVE /**/
| #define HAVE___THREAD 1
| #define HAVE_LIBRT 1
| #define HAVE_CLOCK_GETTIME 1
| #define HAVE_ENDIAN_H 1
| /* end confdefs.h.  */
| #include <sys/endian.h>
configure:13264: result: no
configure:13264: checking for sys/endian.h
configure:13264: result: no
configure:13264: checking sys/shm.h usability
configure:13264: gcc -c -g -O2  conftest.c >&5
configure:13264: $? = 0
configure:13264: result: yes
configure:13264: checking sys/shm.h presence
configure:13264: gcc -E  conftest.c
configure:13264: $? = 0
configure:13264: result: yes
configure:13264: checking for sys/shm.h
configure:13264: result: yes
configure:13275: checking for resmgr support
configure:13284: result: no
configure:13339: checking for aload* support
configure:13348: result: yes
configure:13356: checking for ALSA device file directory
configure:13374: result: /dev/snd/
configure:13377: checking for aload* device file directory
configure:13395: result: /dev/
configure:13679: checking whether GCC supports builtin atomic intrinsics
configure:13697: gcc -o conftest -g -O2   conftest.c  >&5
configure:13697: $? = 0
configure:13705: result: yes
configure:14095: checking for max number of cards
configure:14105: result: 32
configure:14120: checking for thread-safe API functions
configure:14130: result: yes
configure:14258: checking that generated files are newer than configure
configure:14264: result: done
configure:14475: creating ./config.status

## ---------------------- ##
## Running config.status. ##
## ---------------------- ##

This file was extended by alsa-lib config.status 1.2.2, which was
generated by GNU Autoconf 2.69.  Invocation command line was

  CONFIG_FILES    = 
  CONFIG_HEADERS  = 
  CONFIG_LINKS    = 
  CONFIG_COMMANDS = 
  $ ./config.status 

on ecrux

config.status:1267: creating Makefile
config.status:1267: creating doc/Makefile
config.status:1267: creating doc/pictures/Makefile
config.status:1267: creating doc/doxygen.cfg
config.status:1267: creating include/Makefile
config.status:1267: creating include/sound/Makefile
config.status:1267: creating include/sound/uapi/Makefile
config.status:1267: creating src/Versions
config.status:1267: creating src/Makefile
config.status:1267: creating src/control/Makefile
config.status:1267: creating src/mixer/Makefile
config.status:1267: creating src/pcm/Makefile
config.status:1267: creating src/pcm/scopes/Makefile
config.status:1267: creating src/rawmidi/Makefile
config.status:1267: creating src/timer/Makefile
config.status:1267: creating src/hwdep/Makefile
config.status:1267: creating src/seq/Makefile
config.status:1267: creating src/ucm/Makefile
config.status:1267: creating src/alisp/Makefile
config.status:1267: creating src/topology/Makefile
config.status:1267: creating src/conf/Makefile
config.status:1267: creating src/conf/cards/Makefile
config.status:1267: creating src/conf/pcm/Makefile
config.status:1267: creating modules/Makefile
config.status:1267: creating modules/mixer/Makefile
config.status:1267: creating modules/mixer/simple/Makefile
config.status:1267: creating alsalisp/Makefile
config.status:1267: creating aserver/Makefile
config.status:1267: creating test/Makefile
config.status:1267: creating test/lsb/Makefile
config.status:1267: creating utils/Makefile
config.status:1267: creating utils/alsa-lib.spec
config.status:1267: creating utils/alsa.pc
config.status:1267: creating utils/alsa-topology.pc
config.status:1267: creating include/config.h
config.status:1496: executing depfiles commands
config.status:1573: cd src       && sed -e '/# am--include-marker/d' Makefile         | make -f - am--depfiles
config.status:1578: $? = 0
config.status:1573: cd src/control       && sed -e '/# am--include-marker/d' Makefile         | make -f - am--depfiles
config.status:1578: $? = 0
config.status:1573: cd src/mixer       && sed -e '/# am--include-marker/d' Makefile         | make -f - am--depfiles
config.status:1578: $? = 0
config.status:1573: cd src/pcm       && sed -e '/# am--include-marker/d' Makefile         | make -f - am--depfiles
config.status:1578: $? = 0
config.status:1573: cd src/pcm/scopes       && sed -e '/# am--include-marker/d' Makefile         | make -f - am--depfiles
config.status:1578: $? = 0
config.status:1573: cd src/rawmidi       && sed -e '/# am--include-marker/d' Makefile         | make -f - am--depfiles
config.status:1578: $? = 0
config.status:1573: cd src/timer       && sed -e '/# am--include-marker/d' Makefile         | make -f - am--depfiles
config.status:1578: $? = 0
config.status:1573: cd src/hwdep       && sed -e '/# am--include-marker/d' Makefile         | make -f - am--depfiles
config.status:1578: $? = 0
config.status:1573: cd src/seq       && sed -e '/# am--include-marker/d' Makefile         | make -f - am--depfiles
config.status:1578: $? = 0
config.status:1573: cd src/ucm       && sed -e '/# am--include-marker/d' Makefile         | make -f - am--depfiles
config.status:1578: $? = 0
config.status:1573: cd src/alisp       && sed -e '/# am--include-marker/d' Makefile         | make -f - am--depfiles
config.status:1578: $? = 0
config.status:1573: cd src/topology       && sed -e '/# am--include-marker/d' Makefile         | make -f - am--depfiles
config.status:1578: $? = 0
config.status:1573: cd modules/mixer/simple       && sed -e '/# am--include-marker/d' Makefile         | make -f - am--depfiles
config.status:1578: $? = 0
config.status:1573: cd alsalisp       && sed -e '/# am--include-marker/d' Makefile         | make -f - am--depfiles
config.status:1578: $? = 0
config.status:1573: cd aserver       && sed -e '/# am--include-marker/d' Makefile         | make -f - am--depfiles
config.status:1578: $? = 0
config.status:1573: cd test       && sed -e '/# am--include-marker/d' Makefile         | make -f - am--depfiles
config.status:1578: $? = 0
config.status:1573: cd test/lsb       && sed -e '/# am--include-marker/d' Makefile         | make -f - am--depfiles
config.status:1578: $? = 0
config.status:1496: executing libtool commands

## ---------------- ##
## Cache variables. ##
## ---------------- ##

ac_cv_build=armv6l-unknown-linux-gnueabihf
ac_cv_c_compiler_gnu=yes
ac_cv_c_const=yes
ac_cv_c_inline=inline
ac_cv_env_CC_set=
ac_cv_env_CC_value=
ac_cv_env_CFLAGS_set=
ac_cv_env_CFLAGS_value=
ac_cv_env_CPPFLAGS_set=
ac_cv_env_CPPFLAGS_value=
ac_cv_env_CPP_set=
ac_cv_env_CPP_value=
ac_cv_env_LDFLAGS_set=
ac_cv_env_LDFLAGS_value=
ac_cv_env_LIBS_set=
ac_cv_env_LIBS_value=
ac_cv_env_LT_SYS_LIBRARY_PATH_set=
ac_cv_env_LT_SYS_LIBRARY_PATH_value=
ac_cv_env_build_alias_set=
ac_cv_env_build_alias_value=
ac_cv_env_host_alias_set=
ac_cv_env_host_alias_value=
ac_cv_env_target_alias_set=
ac_cv_env_target_alias_value=
ac_cv_func_dlopen=no
ac_cv_func_shl_load=no
ac_cv_func_uselocale=yes
ac_cv_have_decl_PTHREAD_MUTEX_RECURSIVE=yes
ac_cv_header_dlfcn_h=yes
ac_cv_header_endian_h=yes
ac_cv_header_inttypes_h=yes
ac_cv_header_memory_h=yes
ac_cv_header_minix_config_h=no
ac_cv_header_stdc=yes
ac_cv_header_stdint_h=yes
ac_cv_header_stdlib_h=yes
ac_cv_header_string_h=yes
ac_cv_header_strings_h=yes
ac_cv_header_sys_endian_h=no
ac_cv_header_sys_shm_h=yes
ac_cv_header_sys_stat_h=yes
ac_cv_header_sys_types_h=yes
ac_cv_header_time=yes
ac_cv_header_unistd_h=yes
ac_cv_host=armv6l-unknown-linux-gnueabihf
ac_cv_lib_dl_dlopen=yes
ac_cv_lib_dl_dlsym=yes
ac_cv_lib_dld_shl_load=no
ac_cv_lib_pthread_pthread_join=yes
ac_cv_lib_rt_clock_gettime=yes
ac_cv_objext=o
ac_cv_path_EGREP='/bin/grep -E'
ac_cv_path_FGREP='/bin/grep -F'
ac_cv_path_GREP=/bin/grep
ac_cv_path_SED=/bin/sed
ac_cv_path_install='/usr/bin/install -c'
ac_cv_path_lt_DD=/bin/dd
ac_cv_path_mkdir=/bin/mkdir
ac_cv_prog_AWK=mawk
ac_cv_prog_CPP='gcc -E'
ac_cv_prog_ac_ct_AR=ar
ac_cv_prog_ac_ct_CC=gcc
ac_cv_prog_ac_ct_MANIFEST_TOOL=mt
ac_cv_prog_ac_ct_OBJDUMP=objdump
ac_cv_prog_ac_ct_RANLIB=ranlib
ac_cv_prog_ac_ct_STRIP=strip
ac_cv_prog_cc_c89=
ac_cv_prog_cc_g=yes
ac_cv_prog_gcc_traditional=no
ac_cv_prog_make_make_set=yes
ac_cv_safe_to_define___extensions__=yes
am_cv_CC_dependencies_compiler_type=gcc3
am_cv_make_support_nested_variables=yes
am_cv_prog_cc_c_o=yes
cc_cv_ldflags__Wl___no_undefined=yes
cc_cv_ldflags__Wl__z_defs=yes
lt_cv_ar_at_file=@
lt_cv_archive_cmds_need_lc=no
lt_cv_deplibs_check_method=pass_all
lt_cv_dlopen=dlopen
lt_cv_dlopen_libs=-ldl
lt_cv_dlopen_self=yes
lt_cv_dlopen_self_static=no
lt_cv_file_magic_cmd='$MAGIC_CMD'
lt_cv_file_magic_test_file=
lt_cv_ld_reload_flag=-r
lt_cv_nm_interface='BSD nm'
lt_cv_objdir=.libs
lt_cv_path_LD=/usr/bin/ld
lt_cv_path_NM='/usr/bin/nm -B'
lt_cv_path_mainfest_tool=no
lt_cv_prog_compiler_c_o=yes
lt_cv_prog_compiler_pic='-fPIC -DPIC'
lt_cv_prog_compiler_pic_works=yes
lt_cv_prog_compiler_rtti_exceptions=no
lt_cv_prog_compiler_static_works=yes
lt_cv_prog_gnu_ld=yes
lt_cv_sharedlib_from_linklib_cmd='printf %s\n'
lt_cv_shlibpath_overrides_runpath=no
lt_cv_sys_global_symbol_pipe='sed -n -e '\''s/^.*[	 ]\([ABCDGIRSTW][ABCDGIRSTW]*\)[	 ][	 ]*\([_A-Za-z][_A-Za-z0-9]*\)$/\1 \2 \2/p'\'' | sed '\''/ __gnu_lto/d'\'''
lt_cv_sys_global_symbol_to_c_name_address='sed -n -e '\''s/^: \(.*\) .*$/  {"\1", (void *) 0},/p'\'' -e '\''s/^[ABCDGIRSTW][ABCDGIRSTW]* .* \(.*\)$/  {"\1", (void *) \&\1},/p'\'''
lt_cv_sys_global_symbol_to_c_name_address_lib_prefix='sed -n -e '\''s/^: \(.*\) .*$/  {"\1", (void *) 0},/p'\'' -e '\''s/^[ABCDGIRSTW][ABCDGIRSTW]* .* \(lib.*\)$/  {"\1", (void *) \&\1},/p'\'' -e '\''s/^[ABCDGIRSTW][ABCDGIRSTW]* .* \(.*\)$/  {"lib\1", (void *) \&\1},/p'\'''
lt_cv_sys_global_symbol_to_cdecl='sed -n -e '\''s/^T .* \(.*\)$/extern int \1();/p'\'' -e '\''s/^[ABCDGIRSTW][ABCDGIRSTW]* .* \(.*\)$/extern char \1;/p'\'''
lt_cv_sys_global_symbol_to_import=
lt_cv_sys_max_cmd_len=1572864
lt_cv_to_host_file_cmd=func_convert_file_noop
lt_cv_to_tool_file_cmd=func_convert_file_noop
lt_cv_truncate_bin='/bin/dd bs=4096 count=1'

## ----------------- ##
## Output variables. ##
## ----------------- ##

ACLOCAL='${SHELL} /home/pi/OrangeThunder/bash/alsa-lib-1.2.2/missing aclocal-1.16'
ALSA_CONFIG_DIR='/usr/share/alsa'
ALSA_DEPLIBS='-lm -ldl -lpthread -lrt'
ALSA_PKGCONF_DIR='/usr/lib/pkgconfig'
ALSA_PLUGIN_DIR='/usr/lib/alsa-lib'
AMDEPBACKSLASH='\'
AMDEP_FALSE='#'
AMDEP_TRUE=''
AMTAR='$${TAR-tar}'
AM_BACKSLASH='\'
AM_DEFAULT_V='$(AM_DEFAULT_VERBOSITY)'
AM_DEFAULT_VERBOSITY='0'
AM_V='$(V)'
AR='ar'
AUTOCONF='${SHELL} /home/pi/OrangeThunder/bash/alsa-lib-1.2.2/missing autoconf'
AUTOHEADER='${SHELL} /home/pi/OrangeThunder/bash/alsa-lib-1.2.2/missing autoheader'
AUTOMAKE='${SHELL} /home/pi/OrangeThunder/bash/alsa-lib-1.2.2/missing automake-1.16'
AWK='mawk'
BUILD_ALISP_FALSE=''
BUILD_ALISP_TRUE='#'
BUILD_CTL_PLUGIN_EXT_FALSE='#'
BUILD_CTL_PLUGIN_EXT_TRUE=''
BUILD_CTL_PLUGIN_FALSE='#'
BUILD_CTL_PLUGIN_SHM_FALSE='#'
BUILD_CTL_PLUGIN_SHM_TRUE=''
BUILD_CTL_PLUGIN_TRUE=''
BUILD_HWDEP_FALSE='#'
BUILD_HWDEP_TRUE=''
BUILD_MIXER_FALSE='#'
BUILD_MIXER_MODULES_FALSE=''
BUILD_MIXER_MODULES_TRUE='#'
BUILD_MIXER_PYMODULES_FALSE=''
BUILD_MIXER_PYMODULES_TRUE='#'
BUILD_MIXER_TRUE=''
BUILD_MODULES_FALSE='#'
BUILD_MODULES_TRUE=''
BUILD_PCM_FALSE='#'
BUILD_PCM_PLUGIN_ADPCM_FALSE='#'
BUILD_PCM_PLUGIN_ADPCM_TRUE=''
BUILD_PCM_PLUGIN_ALAW_FALSE='#'
BUILD_PCM_PLUGIN_ALAW_TRUE=''
BUILD_PCM_PLUGIN_ASYM_FALSE='#'
BUILD_PCM_PLUGIN_ASYM_TRUE=''
BUILD_PCM_PLUGIN_COPY_FALSE='#'
BUILD_PCM_PLUGIN_COPY_TRUE=''
BUILD_PCM_PLUGIN_DMIX_FALSE='#'
BUILD_PCM_PLUGIN_DMIX_TRUE=''
BUILD_PCM_PLUGIN_DSHARE_FALSE='#'
BUILD_PCM_PLUGIN_DSHARE_TRUE=''
BUILD_PCM_PLUGIN_DSNOOP_FALSE='#'
BUILD_PCM_PLUGIN_DSNOOP_TRUE=''
BUILD_PCM_PLUGIN_EMPTY_FALSE='#'
BUILD_PCM_PLUGIN_EMPTY_TRUE=''
BUILD_PCM_PLUGIN_EXTPLUG_FALSE='#'
BUILD_PCM_PLUGIN_EXTPLUG_TRUE=''
BUILD_PCM_PLUGIN_FALSE='#'
BUILD_PCM_PLUGIN_FILE_FALSE='#'
BUILD_PCM_PLUGIN_FILE_TRUE=''
BUILD_PCM_PLUGIN_HOOKS_FALSE='#'
BUILD_PCM_PLUGIN_HOOKS_TRUE=''
BUILD_PCM_PLUGIN_IEC958_FALSE='#'
BUILD_PCM_PLUGIN_IEC958_TRUE=''
BUILD_PCM_PLUGIN_IOPLUG_FALSE='#'
BUILD_PCM_PLUGIN_IOPLUG_TRUE=''
BUILD_PCM_PLUGIN_LADSPA_FALSE='#'
BUILD_PCM_PLUGIN_LADSPA_TRUE=''
BUILD_PCM_PLUGIN_LFLOAT_FALSE='#'
BUILD_PCM_PLUGIN_LFLOAT_TRUE=''
BUILD_PCM_PLUGIN_LINEAR_FALSE='#'
BUILD_PCM_PLUGIN_LINEAR_TRUE=''
BUILD_PCM_PLUGIN_METER_FALSE='#'
BUILD_PCM_PLUGIN_METER_TRUE=''
BUILD_PCM_PLUGIN_MMAP_EMUL_FALSE='#'
BUILD_PCM_PLUGIN_MMAP_EMUL_TRUE=''
BUILD_PCM_PLUGIN_MULAW_FALSE='#'
BUILD_PCM_PLUGIN_MULAW_TRUE=''
BUILD_PCM_PLUGIN_MULTI_FALSE='#'
BUILD_PCM_PLUGIN_MULTI_TRUE=''
BUILD_PCM_PLUGIN_NULL_FALSE='#'
BUILD_PCM_PLUGIN_NULL_TRUE=''
BUILD_PCM_PLUGIN_PLUG_FALSE='#'
BUILD_PCM_PLUGIN_PLUG_TRUE=''
BUILD_PCM_PLUGIN_RATE_FALSE='#'
BUILD_PCM_PLUGIN_RATE_TRUE=''
BUILD_PCM_PLUGIN_ROUTE_FALSE='#'
BUILD_PCM_PLUGIN_ROUTE_TRUE=''
BUILD_PCM_PLUGIN_SHARE_FALSE='#'
BUILD_PCM_PLUGIN_SHARE_TRUE=''
BUILD_PCM_PLUGIN_SHM_FALSE='#'
BUILD_PCM_PLUGIN_SHM_TRUE=''
BUILD_PCM_PLUGIN_SOFTVOL_FALSE='#'
BUILD_PCM_PLUGIN_SOFTVOL_TRUE=''
BUILD_PCM_PLUGIN_TRUE=''
BUILD_PCM_TRUE=''
BUILD_RAWMIDI_FALSE='#'
BUILD_RAWMIDI_TRUE=''
BUILD_SEQ_FALSE='#'
BUILD_SEQ_TRUE=''
BUILD_TOPOLOGY_FALSE='#'
BUILD_TOPOLOGY_TRUE=''
BUILD_UCM_FALSE='#'
BUILD_UCM_TRUE=''
CC='gcc'
CCDEPMODE='depmode=gcc3'
CFLAGS='-g -O2'
CPP='gcc -E'
CPPFLAGS=''
CYGPATH_W='echo'
DEFS='-DHAVE_CONFIG_H'
DEPDIR='.deps'
DLLTOOL='false'
DSYMUTIL=''
DUMPBIN=''
ECHO_C=''
ECHO_N='-n'
ECHO_T=''
EGREP='/bin/grep -E'
EXEEXT=''
FGREP='/bin/grep -F'
GREP='/bin/grep'
INSTALL_DATA='${INSTALL} -m 644'
INSTALL_M4_FALSE='#'
INSTALL_M4_TRUE=''
INSTALL_PROGRAM='${INSTALL}'
INSTALL_SCRIPT='${INSTALL}'
INSTALL_STRIP_PROGRAM='$(install_sh) -c -s'
KEEP_OLD_SYMBOLS_FALSE='#'
KEEP_OLD_SYMBOLS_TRUE=''
LD='/usr/bin/ld'
LDFLAGS=''
LDFLAGS_NOUNDEFINED='-Wl,-z,defs'
LIBOBJS=''
LIBS=''
LIBTOOL='$(SHELL) $(top_builddir)/libtool'
LIBTOOL_VERSION_INFO='2:0:0'
LIPO=''
LN_S='ln -s'
LTLIBOBJS=''
LT_SYS_LIBRARY_PATH=''
MAINT=''
MAINTAINER_MODE_FALSE='#'
MAINTAINER_MODE_TRUE=''
MAKEINFO='${SHELL} /home/pi/OrangeThunder/bash/alsa-lib-1.2.2/missing makeinfo'
MANIFEST_TOOL=':'
MKDIR_P='/bin/mkdir -p'
NM='/usr/bin/nm -B'
NMEDIT=''
OBJDUMP='objdump'
OBJEXT='o'
OTOOL64=''
OTOOL=''
PACKAGE='alsa-lib'
PACKAGE_BUGREPORT=''
PACKAGE_NAME='alsa-lib'
PACKAGE_STRING='alsa-lib 1.2.2'
PACKAGE_TARNAME='alsa-lib'
PACKAGE_URL=''
PACKAGE_VERSION='1.2.2'
PATH_SEPARATOR=':'
PYTHON_INCLUDES=''
PYTHON_LIBS=''
RANLIB='ranlib'
SED='/bin/sed'
SET_MAKE=''
SHELL='/bin/bash'
SND_LIB_EXTRAVER='1000000'
SND_LIB_MAJOR='1'
SND_LIB_MINOR='2'
SND_LIB_SUBMINOR='2'
SND_LIB_VERSION='1.2.2'
STRIP='strip'
SYMBOLIC_FUNCTIONS_FALSE=''
SYMBOLIC_FUNCTIONS_TRUE='#'
SYMBOL_PREFIX=''
VERSION='1.2.2'
VERSIONED_SYMBOLS_FALSE='#'
VERSIONED_SYMBOLS_TRUE=''
ac_ct_AR='ar'
ac_ct_CC='gcc'
ac_ct_DUMPBIN=''
am__EXEEXT_FALSE=''
am__EXEEXT_TRUE='#'
am__fastdepCC_FALSE='#'
am__fastdepCC_TRUE=''
am__include='include'
am__isrc=''
am__leading_dot='.'
am__nodep='_no'
am__quote=''
am__tar='$${TAR-tar} chof - "$$tardir"'
am__untar='$${TAR-tar} xf -'
bindir='${exec_prefix}/bin'
build='armv6l-unknown-linux-gnueabihf'
build_alias=''
build_cpu='armv6l'
build_os='linux-gnueabihf'
build_vendor='unknown'
datadir='${datarootdir}'
datarootdir='${prefix}/share'
docdir='${datarootdir}/doc/${PACKAGE_TARNAME}'
dvidir='${docdir}'
exec_prefix='/usr'
host='armv6l-unknown-linux-gnueabihf'
host_alias=''
host_cpu='armv6l'
host_os='linux-gnueabihf'
host_vendor='unknown'
htmldir='${docdir}'
includedir='${prefix}/include'
infodir='${datarootdir}/info'
install_sh='${SHELL} /home/pi/OrangeThunder/bash/alsa-lib-1.2.2/install-sh'
libdir='${exec_prefix}/lib'
libexecdir='${exec_prefix}/libexec'
localedir='${datarootdir}/locale'
localstatedir='${prefix}/var'
mandir='${datarootdir}/man'
mkdir_p='$(MKDIR_P)'
oldincludedir='/usr/include'
pdfdir='${docdir}'
prefix='/usr'
program_transform_name='s,x,x,'
psdir='${docdir}'
sbindir='${exec_prefix}/sbin'
sharedstatedir='${prefix}/com'
sysconfdir='${prefix}/etc'
target_alias=''

## ----------- ##
## confdefs.h. ##
## ----------- ##

/* confdefs.h */
#define PACKAGE_NAME "alsa-lib"
#define PACKAGE_TARNAME "alsa-lib"
#define PACKAGE_VERSION "1.2.2"
#define PACKAGE_STRING "alsa-lib 1.2.2"
#define PACKAGE_BUGREPORT ""
#define PACKAGE_URL ""
#define PACKAGE "alsa-lib"
#define VERSION "1.2.2"
#define STDC_HEADERS 1
#define HAVE_SYS_TYPES_H 1
#define HAVE_SYS_STAT_H 1
#define HAVE_STDLIB_H 1
#define HAVE_STRING_H 1
#define HAVE_MEMORY_H 1
#define HAVE_STRINGS_H 1
#define HAVE_INTTYPES_H 1
#define HAVE_STDINT_H 1
#define HAVE_UNISTD_H 1
#define __EXTENSIONS__ 1
#define _ALL_SOURCE 1
#define _GNU_SOURCE 1
#define _POSIX_PTHREAD_SEMANTICS 1
#define _TANDEM_SOURCE 1
#define HAVE_DLFCN_H 1
#define LT_OBJDIR ".libs/"
#define STDC_HEADERS 1
#define TIME_WITH_SYS_TIME 1
#define HAVE_USELOCALE 1
#define VERSION "1.2.2"
#define ALSA_CONFIG_DIR "/usr/share/alsa"
#define ALSA_PLUGIN_DIR "/usr/lib/alsa-lib"
#define ALSA_PKGCONF_DIR "/usr/lib/pkgconfig"
#define VERSIONED_SYMBOLS /**/
#define __SYMBOL_PREFIX ""
#define TMPDIR "/tmp"
#define HAVE_LIBDL 1
#define HAVE_LIBPTHREAD 1
#define HAVE_PTHREAD_MUTEX_RECURSIVE /**/
#define HAVE___THREAD 1
#define HAVE_LIBRT 1
#define HAVE_CLOCK_GETTIME 1
#define HAVE_ENDIAN_H 1
#define HAVE_SYS_SHM_H 1
#define SUPPORT_ALOAD "1"
#define ALSA_DEVICE_DIRECTORY "/dev/snd/"
#define ALOAD_DEVICE_DIRECTORY "/dev/"
#define BUILD_MIXER "1"
#define BUILD_PCM "1"
#define BUILD_RAWMIDI "1"
#define BUILD_HWDEP "1"
#define BUILD_SEQ "1"
#define BUILD_UCM "1"
#define BUILD_TOPOLOGY "1"
#define BUILD_PCM_PLUGIN_RATE "1"
#define BUILD_PCM_PLUGIN_ROUTE "1"
#define BUILD_PCM_PLUGIN_LFLOAT "1"
#define BUILD_PCM_PLUGIN_ADPCM "1"
#define BUILD_PCM_PLUGIN_MULAW "1"
#define BUILD_PCM_PLUGIN_ALAW "1"
#define BUILD_PCM_PLUGIN_MMAP_EMUL "1"
#define SND_MAX_CARDS 32
#define THREAD_SAFE_API "1"

configure: exit 0
