START-OF-LOG:3.0
CALLSIGN:LU7DID
GRID-LOCATOR:GF05
CATEGORY-BAND:ALL
CATEGORY-POWER:QRPp
CATEGORY-TRANSMITTER:ONE
CATEGORY-OVERLAY:BASIC
CREATED-BY:OrangeThunder V1.0
LOCATION:Adrogue,BA,Argentina
NAME:Pedro
ADDRESS:Adrogue,BA
SOAPBOX:GF05
START-OF-LOG:3.0
CALLSIGN:LU7DID
GRID-LOCATOR:GF05
QSO: 14074 F8 2020-04-30 14:36        LU9EKQ 599   R-10        LU7DID 599   R-10
QSO: 14074 F8 2020-04-30 15:37        LU2EIC 599   R-10        LU7DID 599   R-10
QSO: 14074 F8 2020-04-30 15:54        LU2EIC 599   R-10        LU7DID 599   R-10
QSO: 14074 F8 2020-04-30 15:58        LU9EKQ 599   R-10        LU7DID 599   R-10
QSO: 14074 F8 2020-04-30 19:17        LU2EIC 599   R-10        LU7DID 599   R-10
